<?xml version="1.0" encoding="UTF-8"?>
<!-- Generated by org.testng.reporters.JUnitReportReporter -->
<testsuite hostname="DESKTOP-8U6AELG" name="com.seleniumeasy.tests.SimpleFormDemoPageTest" tests="2" failures="0" timestamp="10 Jun 2019 14:24:05 GMT" time="15.056" errors="0">
  <testcase name="validateEnteredMsg" time="8.950" classname="com.seleniumeasy.tests.SimpleFormDemoPageTest"/>
  <testcase name="validateAddition" time="6.106" classname="com.seleniumeasy.tests.SimpleFormDemoPageTest"/>
</testsuite> <!-- com.seleniumeasy.tests.SimpleFormDemoPageTest -->
