<?xml version="1.0" encoding="UTF-8"?>
<!-- Generated by org.testng.reporters.JUnitReportReporter -->
<testsuite hostname="DESKTOP-8U6AELG" name="com.seleniumeasy.tests.CheckBoxDemoPageTest" tests="2" failures="0" timestamp="11 Jun 2019 14:08:41 GMT" time="18.163" errors="0">
  <testcase name="verifyTextMsg" time="8.079" classname="com.seleniumeasy.tests.CheckBoxDemoPageTest"/>
  <testcase name="validateBtnValue" time="10.084" classname="com.seleniumeasy.tests.CheckBoxDemoPageTest"/>
</testsuite> <!-- com.seleniumeasy.tests.CheckBoxDemoPageTest -->
